<?xml version="1.0" encoding="UTF-8"?>
<!-- Generated by org.testng.reporters.JUnitXMLReporter -->
<testsuite ignored="0" hostname="Durva" failures="0" tests="5"
	name="Test" time="149.719" errors="0"
	timestamp="2021-06-15T22:59:35 BST">
	<testcase classname="Selenium.Automation2.Homepage"
		name="addElements" time="25.902" />
	<testcase
		classname="Selenium.Automation2.Homepage_DataProvider"
		name="addElements" time="26.046" />
	<testcase
		classname="Selenium.Automation2.Homepage_DataProvider"
		name="addElements" time="22.938" />
	<testcase
		classname="Selenium.Automation2.Homepage_DataProvider"
		name="addElements" time="20.121" />
	<testcase
		classname="Selenium.Automation2.Homepage_DataProvider"
		name="addElements" time="19.834" />
</testsuite> <!-- Test -->
