<?xml version="1.0" encoding="UTF-8"?>
<testng-results ignored="0" total="3" passed="3" failed="0" skipped="0">
  <reporter-output>
  </reporter-output>
  <suite started-at="2021-06-22T23:04:01 BST" name="Test" finished-at="2021-06-22T23:05:03 BST" duration-ms="62481">
    <groups>
      <group name="cucumber">
        <method signature="AbstractTestNGCucumberTests.runScenario(io.cucumber.testng.PickleWrapper,io.cucumber.testng.FeatureWrapper)[pri:0, instance:cucumberOptions.TestRunner@18151a14]" name="runScenario" class="io.cucumber.testng.AbstractTestNGCucumberTests"/>
      </group> <!-- cucumber -->
    </groups>
    <test started-at="2021-06-22T23:04:01 BST" name="Test" finished-at="2021-06-22T23:05:03 BST" duration-ms="62481">
      <class name="cucumberOptions.TestRunner">
        <test-method is-config="true" signature="setUpClass()[pri:0, instance:cucumberOptions.TestRunner@18151a14]" started-at="2021-06-22T23:04:01 BST" name="setUpClass" finished-at="2021-06-22T23:04:01 BST" duration-ms="426" status="PASS">
          <reporter-output>
          </reporter-output>
        </test-method> <!-- setUpClass -->
        <test-method signature="runScenario(io.cucumber.testng.PickleWrapper,io.cucumber.testng.FeatureWrapper)[pri:0, instance:cucumberOptions.TestRunner@18151a14]" started-at="2021-06-22T23:04:01 BST" name="runScenario" description="Runs Cucumber Scenarios" data-provider="scenarios" finished-at="2021-06-22T23:04:23 BST" duration-ms="21995" status="PASS">
          <params>
            <param index="0">
              <value>
                <![CDATA["Launch Amazon UK website and search for product"]]>
              </value>
            </param>
            <param index="1">
              <value>
                <![CDATA["Optional[Launch Amazon Uk website and search for product]"]]>
              </value>
            </param>
          </params>
          <reporter-output>
          </reporter-output>
        </test-method> <!-- runScenario -->
        <test-method signature="runScenario(io.cucumber.testng.PickleWrapper,io.cucumber.testng.FeatureWrapper)[pri:0, instance:cucumberOptions.TestRunner@18151a14]" started-at="2021-06-22T23:04:23 BST" name="runScenario" description="Runs Cucumber Scenarios" data-provider="scenarios" finished-at="2021-06-22T23:04:43 BST" duration-ms="19847" status="PASS">
          <params>
            <param index="0">
              <value>
                <![CDATA["Launch Amazon UK website and search for product from the table"]]>
              </value>
            </param>
            <param index="1">
              <value>
                <![CDATA["Optional[Launch Amazon Uk website and search for product]"]]>
              </value>
            </param>
          </params>
          <reporter-output>
          </reporter-output>
        </test-method> <!-- runScenario -->
        <test-method signature="runScenario(io.cucumber.testng.PickleWrapper,io.cucumber.testng.FeatureWrapper)[pri:0, instance:cucumberOptions.TestRunner@18151a14]" started-at="2021-06-22T23:04:43 BST" name="runScenario" description="Runs Cucumber Scenarios" data-provider="scenarios" finished-at="2021-06-22T23:05:03 BST" duration-ms="20086" status="PASS">
          <params>
            <param index="0">
              <value>
                <![CDATA["Launch Amazon UK website and search for product from the table"]]>
              </value>
            </param>
            <param index="1">
              <value>
                <![CDATA["Optional[Launch Amazon Uk website and search for product]"]]>
              </value>
            </param>
          </params>
          <reporter-output>
          </reporter-output>
        </test-method> <!-- runScenario -->
        <test-method is-config="true" signature="tearDownClass()[pri:0, instance:cucumberOptions.TestRunner@18151a14]" started-at="2021-06-22T23:05:03 BST" name="tearDownClass" finished-at="2021-06-22T23:05:03 BST" duration-ms="32" status="PASS">
          <reporter-output>
          </reporter-output>
        </test-method> <!-- tearDownClass -->
      </class> <!-- cucumberOptions.TestRunner -->
    </test> <!-- Test -->
  </suite> <!-- Test -->
</testng-results>
